#
# A fatal error has been detected by the Java Runtime Environment:
#
#  SIGBUS (0xa) at pc=0x000000010fbeae92, pid=50142, tid=0x0000000000002603
#
# JRE version: Java(TM) SE Runtime Environment (8.0_181-b13) (build 1.8.0_181-b13)
# Java VM: Java HotSpot(TM) 64-Bit Server VM (25.181-b13 mixed mode bsd-amd64 compressed oops)
# Problematic frame:
# C  [libzip.dylib+0x2e92]  newEntry+0x154
#
# Failed to write core dump. Core dumps have been disabled. To enable core dumping, try "ulimit -c unlimited" before starting Java again
#
# If you would like to submit a bug report, please visit:
#   http://bugreport.java.com/bugreport/crash.jsp
# The crash happened outside the Java Virtual Machine in native code.
# See problematic frame for where to report the bug.
#

---------------  T H R E A D  ---------------

Current thread (0x00007f9748008800):  JavaThread "main" [_thread_in_native, id=9731, stack(0x0000700001d49000,0x0000700001e49000)]

siginfo: si_signo: 10 (SIGBUS), si_code: 2 (BUS_ADRERR), si_addr: 0x000000012deda0d4

Registers:
RAX=0x00007f9745f00920, RBX=0x000000012deda0c8, RCX=0x0000000000000000, RDX=0x0000000080000000
RSP=0x0000700001e47c70, RBP=0x0000700001e47cd0, RSI=0x00000000745c725f, RDI=0x0000000000000725
R8 =0x00000000745c725b, R9 =0x00007f9745c00000, R10=0x0000000007ffffff, R11=0x00006ff8930e8bae
R12=0x00007f9745f00a90, R13=0x0000000000000020, R14=0x000000004eecb6d3, R15=0x00007f974722d400
RIP=0x000000010fbeae92, EFLAGS=0x0000000000010202, ERR=0x0000000000000004
  TRAPNO=0x000000000000000e

Top of Stack: (sp=0x0000700001e47c70)
0x0000700001e47c70:   00007f9747104030 0000000047104408
0x0000700001e47c80:   00000000000003d8 0000700001e480a0
0x0000700001e47c90:   0000700001e47cb0 00007f9745f00920
0x0000700001e47ca0:   00007f9745c725a0 00007f9745f00920
0x0000700001e47cb0:   00007f9745f00a90 0000000000000020
0x0000700001e47cc0:   000000004eecb6d3 00007f974722d400
0x0000700001e47cd0:   0000700001e47d30 000000010fbeb52d
0x0000700001e47ce0:   0000700001e47d5f 0000700001e47d5e
0x0000700001e47cf0:   0000000f00000000 0000001000008800
0x0000700001e47d00:   0000700001e47d4e 0000700001e48198
0x0000700001e47d10:   0000000000000010 0000700001e47d4e
0x0000700001e47d20:   00007f9745f00920 00007f97480089f8
0x0000700001e47d30:   0000700001e48180 000000010fbea238
0x0000700001e47d40:   0000000113f62238 6f647f9700000000
0x0000700001e47d50:   612f73706f725063 00006c6d782e7070
0x0000700001e47d60:   00000000000003d8 0000700001e48180
0x0000700001e47d70:   000000012edc16f0 0000000000000000
0x0000700001e47d80:   00007f9748008800 00000007c0182e40
0x0000700001e47d90:   0000700001e47f30 00000001117cceb4
0x0000700001e47da0:   00007f9748008800 00000001114a25ee
0x0000700001e47db0:   0000000114263108 00000007c0076350
0x0000700001e47dc0:   00007f9745d192b0 00007f9745d1cff0
0x0000700001e47dd0:   0000000000000009 0000000111906e02
0x0000700001e47de0:   0000700001e47e70 00000001114a28d0
0x0000700001e47df0:   000000012edc14b8 00007f9748008800
0x0000700001e47e00:   000000012edc14b8 0000000000000001
0x0000700001e47e10:   0000000115c24090 00007f9748008800
0x0000700001e47e20:   0000000000000001 0000700001e47ef8
0x0000700001e47e30:   0000700001e47ec0 00000001117ce2c8
0x0000700001e47e40:   00000007c003fd20 000001ec49332c00
0x0000700001e47e50:   0000000000000012 0000700001e47e58
0x0000700001e47e60:   000000011406e8d0 0000000000023ab1 

Instructions: (pc=0x000000010fbeae92)
0x000000010fbeae72:   49 8b 7f 38 e8 5b 1b 00 00 4d 89 77 38 49 89 5f
0x000000010fbeae82:   40 4c 89 f0 48 85 c0 0f 84 11 05 00 00 48 89 c3
0x000000010fbeae92:   0f b6 43 0c 0f b6 4b 0d 48 c1 e1 08 48 01 c1 0f
0x000000010fbeaea2:   b6 43 0e 0f b6 53 0f 48 c1 e2 08 48 01 c2 48 c1 

Register to memory mapping:

RAX=0x00007f9745f00920 is an unknown value
RBX=0x000000012deda0c8 is an unknown value
RCX=0x0000000000000000 is an unknown value
RDX=0x0000000080000000 is an unknown value
RSP=0x0000700001e47c70 is pointing into the stack for thread: 0x00007f9748008800
RBP=0x0000700001e47cd0 is pointing into the stack for thread: 0x00007f9748008800
RSI=0x00000000745c725f is an unknown value
RDI=0x0000000000000725 is an unknown value
R8 =0x00000000745c725b is an unknown value
R9 =0x00007f9745c00000 is an unknown value
R10=0x0000000007ffffff is an unknown value
R11=0x00006ff8930e8bae is an unknown value
R12=0x00007f9745f00a90 is an unknown value
R13=0x0000000000000020 is an unknown value
R14=0x000000004eecb6d3 is an unknown value
R15=0x00007f974722d400 is an unknown value


Stack: [0x0000700001d49000,0x0000700001e49000],  sp=0x0000700001e47c70,  free space=1019k
Native frames: (J=compiled Java code, j=interpreted, Vv=VM code, C=native code)
C  [libzip.dylib+0x2e92]  newEntry+0x154
C  [libzip.dylib+0x352d]  ZIP_GetEntry2+0xd4
C  [libzip.dylib+0x2238]  Java_java_util_zip_ZipFile_getEntry+0xcf
J 74  java.util.zip.ZipFile.getEntry(J[BZ)J (0 bytes) @ 0x0000000115b3f94e [0x0000000115b3f880+0xce]
J 499 C1 java.util.zip.ZipFile.getInputStream(Ljava/util/zip/ZipEntry;)Ljava/io/InputStream; (304 bytes) @ 0x0000000115c78acc [0x0000000115c78740+0x38c]
j  org.apache.poi.openxml4j.util.ZipSecureFile.getInputStream(Ljava/util/zip/ZipEntry;)Ljava/io/InputStream;+2
j  org.apache.poi.openxml4j.util.ZipFileZipEntrySource.getInputStream(Ljava/util/zip/ZipEntry;)Ljava/io/InputStream;+22
j  org.apache.poi.openxml4j.opc.ZipPackagePart.getInputStreamImpl()Ljava/io/InputStream;+14
j  org.apache.poi.openxml4j.opc.PackagePart.getInputStream()Ljava/io/InputStream;+1
j  org.apache.poi.openxml4j.opc.internal.marshallers.ZipPartMarshaller.marshall(Lorg/apache/poi/openxml4j/opc/PackagePart;Ljava/io/OutputStream;)Z+121
j  org.apache.poi.openxml4j.opc.ZipPackagePart.save(Ljava/io/OutputStream;)Z+9
j  org.apache.poi.openxml4j.opc.internal.marshallers.DefaultMarshaller.marshall(Lorg/apache/poi/openxml4j/opc/PackagePart;Ljava/io/OutputStream;)Z+2
j  org.apache.poi.openxml4j.opc.ZipPackage.saveImpl(Ljava/io/OutputStream;)V+380
j  org.apache.poi.openxml4j.opc.OPCPackage.save(Ljava/io/OutputStream;)V+6
j  org.apache.poi.openxml4j.opc.OPCPackage.save(Ljava/io/File;)V+64
j  org.apache.poi.openxml4j.opc.ZipPackage.closeImpl()V+71
j  org.apache.poi.openxml4j.opc.OPCPackage.close()V+138
j  org.apache.poi.POIXMLDocument.close()V+34
j  org.yabo.utils.poi.CloudKnowledgeExcelParser.main([Ljava/lang/String;)V+413
v  ~StubRoutines::call_stub
V  [libjvm.dylib+0x2efcba]
V  [libjvm.dylib+0x326c61]
V  [libjvm.dylib+0x31f9ed]
C  [java+0x38c6]  JavaMain+0x9c4
C  [libsystem_pthread.dylib+0x3305]  _pthread_body+0x7e
C  [libsystem_pthread.dylib+0x626f]  _pthread_start+0x46
C  [libsystem_pthread.dylib+0x2415]  thread_start+0xd
C  0x0000000000000000

Java frames: (J=compiled Java code, j=interpreted, Vv=VM code)
J 74  java.util.zip.ZipFile.getEntry(J[BZ)J (0 bytes) @ 0x0000000115b3f8d8 [0x0000000115b3f880+0x58]
J 499 C1 java.util.zip.ZipFile.getInputStream(Ljava/util/zip/ZipEntry;)Ljava/io/InputStream; (304 bytes) @ 0x0000000115c78acc [0x0000000115c78740+0x38c]
j  org.apache.poi.openxml4j.util.ZipSecureFile.getInputStream(Ljava/util/zip/ZipEntry;)Ljava/io/InputStream;+2
j  org.apache.poi.openxml4j.util.ZipFileZipEntrySource.getInputStream(Ljava/util/zip/ZipEntry;)Ljava/io/InputStream;+22
j  org.apache.poi.openxml4j.opc.ZipPackagePart.getInputStreamImpl()Ljava/io/InputStream;+14
j  org.apache.poi.openxml4j.opc.PackagePart.getInputStream()Ljava/io/InputStream;+1
j  org.apache.poi.openxml4j.opc.internal.marshallers.ZipPartMarshaller.marshall(Lorg/apache/poi/openxml4j/opc/PackagePart;Ljava/io/OutputStream;)Z+121
j  org.apache.poi.openxml4j.opc.ZipPackagePart.save(Ljava/io/OutputStream;)Z+9
j  org.apache.poi.openxml4j.opc.internal.marshallers.DefaultMarshaller.marshall(Lorg/apache/poi/openxml4j/opc/PackagePart;Ljava/io/OutputStream;)Z+2
j  org.apache.poi.openxml4j.opc.ZipPackage.saveImpl(Ljava/io/OutputStream;)V+380
j  org.apache.poi.openxml4j.opc.OPCPackage.save(Ljava/io/OutputStream;)V+6
j  org.apache.poi.openxml4j.opc.OPCPackage.save(Ljava/io/File;)V+64
j  org.apache.poi.openxml4j.opc.ZipPackage.closeImpl()V+71
j  org.apache.poi.openxml4j.opc.OPCPackage.close()V+138
j  org.apache.poi.POIXMLDocument.close()V+34
j  org.yabo.utils.poi.CloudKnowledgeExcelParser.main([Ljava/lang/String;)V+413
v  ~StubRoutines::call_stub

---------------  P R O C E S S  ---------------

Java Threads: ( => current thread )
  0x00007f974c008000 JavaThread "Attach Listener" daemon [_thread_blocked, id=42499, stack(0x000070000338b000,0x000070000348b000)]
  0x00007f9748832800 JavaThread "Service Thread" daemon [_thread_blocked, id=43267, stack(0x0000700003185000,0x0000700003285000)]
  0x00007f974a808000 JavaThread "C1 CompilerThread3" daemon [_thread_blocked, id=21763, stack(0x0000700003082000,0x0000700003182000)]
  0x00007f9747809000 JavaThread "C2 CompilerThread2" daemon [_thread_in_native, id=16899, stack(0x0000700002f7f000,0x000070000307f000)]
  0x00007f9746825800 JavaThread "C2 CompilerThread1" daemon [_thread_in_native, id=16131, stack(0x0000700002e7c000,0x0000700002f7c000)]
  0x00007f974824b000 JavaThread "C2 CompilerThread0" daemon [_thread_in_native, id=15619, stack(0x0000700002d79000,0x0000700002e79000)]
  0x00007f9748249000 JavaThread "Monitor Ctrl-Break" daemon [_thread_in_native, id=17155, stack(0x0000700002c76000,0x0000700002d76000)]
  0x00007f9748075800 JavaThread "Signal Dispatcher" daemon [_thread_blocked, id=15107, stack(0x0000700002b73000,0x0000700002c73000)]
  0x00007f9746808000 JavaThread "Finalizer" daemon [_thread_blocked, id=18691, stack(0x0000700002a70000,0x0000700002b70000)]
  0x00007f9746807000 JavaThread "Reference Handler" daemon [_thread_blocked, id=19203, stack(0x000070000296d000,0x0000700002a6d000)]
=>0x00007f9748008800 JavaThread "main" [_thread_in_native, id=9731, stack(0x0000700001d49000,0x0000700001e49000)]

Other Threads:
  0x00007f9748065800 VMThread [stack: 0x000070000286a000,0x000070000296a000] [id=13059]
  0x00007f974a002000 WatcherThread [stack: 0x0000700003288000,0x0000700003388000] [id=42755]

VM state:not at safepoint (normal execution)

VM Mutex/Monitor currently owned by a thread: None

Heap:
 PSYoungGen      total 141824K, used 79587K [0x000000076ab00000, 0x000000077c000000, 0x00000007c0000000)
  eden space 131072K, 52% used [0x000000076ab00000,0x000000076ee3e3d0,0x0000000772b00000)
  from space 10752K, 99% used [0x0000000772b00000,0x000000077357aa18,0x0000000773580000)
  to   space 10752K, 0% used [0x000000077b580000,0x000000077b580000,0x000000077c000000)
 ParOldGen       total 175104K, used 13340K [0x00000006c0000000, 0x00000006cab00000, 0x000000076ab00000)
  object space 175104K, 7% used [0x00000006c0000000,0x00000006c0d073f8,0x00000006cab00000)
 Metaspace       used 15099K, capacity 15242K, committed 15488K, reserved 1062912K
  class space    used 1781K, capacity 1835K, committed 1920K, reserved 1048576K

Card table byte_map: [0x00000001127b4000,0x0000000112fb5000] byte_map_base: 0x000000010f1b4000

Marking Bits: (ParMarkBitMap*) 0x0000000111cf9cd0
 Begin Bits: [0x0000000124a0e000, 0x0000000128a0e000)
 End Bits:   [0x0000000128a0e000, 0x000000012ca0e000)

Polling page: 0x000000010fb89000

CodeCache: size=245760Kb used=7791Kb max_used=7791Kb free=237968Kb
 bounds [0x0000000115a0e000, 0x00000001161ae000, 0x0000000124a0e000]
 total_blobs=2556 nmethods=2187 adapters=279
 compilation: enabled

Compilation events (10 events):
Event: 1.731 Thread 0x00007f974824b000 2116   !   4       org.apache.xmlbeans.impl.values.XmlObjectBase::check_dated (270 bytes)
Event: 1.737 Thread 0x00007f974a808000 2263       1       java.lang.reflect.Field::getName (5 bytes)
Event: 1.737 Thread 0x00007f974a808000 nmethod 2263 0x000000011619d110 code [0x000000011619d260, 0x000000011619d370]
Event: 1.740 Thread 0x00007f974a808000 2265   !   2       java.util.zip.Deflater::finished (19 bytes)
Event: 1.740 Thread 0x00007f974a808000 nmethod 2265 0x000000011619c9d0 code [0x000000011619cb40, 0x000000011619ce30]
Event: 1.740 Thread 0x00007f974a808000 2266       1       com.sun.org.apache.xerces.internal.dom.ParentNode::getOwnerDocument (5 bytes)
Event: 1.741 Thread 0x00007f974a808000 nmethod 2266 0x000000011619c710 code [0x000000011619c860, 0x000000011619c970]
Event: 1.741 Thread 0x00007f974a808000 2267       2       com.sun.org.apache.xerces.internal.util.XMLChar::isNCName (24 bytes)
Event: 1.741 Thread 0x00007f974a808000 nmethod 2267 0x000000011619c350 code [0x000000011619c4c0, 0x000000011619c650]
Event: 1.741 Thread 0x00007f974a808000 2268       2       com.sun.org.apache.xml.internal.serializer.WriterToUTF8Buffered::write (523 bytes)

GC Heap History (6 events):
Event: 0.692 GC heap before
{Heap before GC invocations=1 (full 0):
 PSYoungGen      total 76288K, used 65536K [0x000000076ab00000, 0x0000000770000000, 0x00000007c0000000)
  eden space 65536K, 100% used [0x000000076ab00000,0x000000076eb00000,0x000000076eb00000)
  from space 10752K, 0% used [0x000000076f580000,0x000000076f580000,0x0000000770000000)
  to   space 10752K, 0% used [0x000000076eb00000,0x000000076eb00000,0x000000076f580000)
 ParOldGen       total 175104K, used 0K [0x00000006c0000000, 0x00000006cab00000, 0x000000076ab00000)
  object space 175104K, 0% used [0x00000006c0000000,0x00000006c0000000,0x00000006cab00000)
 Metaspace       used 10993K, capacity 11142K, committed 11264K, reserved 1058816K
  class space    used 1233K, capacity 1265K, committed 1280K, reserved 1048576K
Event: 0.701 GC heap after
Heap after GC invocations=1 (full 0):
 PSYoungGen      total 76288K, used 9371K [0x000000076ab00000, 0x0000000774000000, 0x00000007c0000000)
  eden space 65536K, 0% used [0x000000076ab00000,0x000000076ab00000,0x000000076eb00000)
  from space 10752K, 87% used [0x000000076eb00000,0x000000076f426cc8,0x000000076f580000)
  to   space 10752K, 0% used [0x0000000773580000,0x0000000773580000,0x0000000774000000)
 ParOldGen       total 175104K, used 80K [0x00000006c0000000, 0x00000006cab00000, 0x000000076ab00000)
  object space 175104K, 0% used [0x00000006c0000000,0x00000006c0014010,0x00000006cab00000)
 Metaspace       used 10993K, capacity 11142K, committed 11264K, reserved 1058816K
  class space    used 1233K, capacity 1265K, committed 1280K, reserved 1048576K
}
Event: 0.807 GC heap before
{Heap before GC invocations=2 (full 0):
 PSYoungGen      total 76288K, used 74907K [0x000000076ab00000, 0x0000000774000000, 0x00000007c0000000)
  eden space 65536K, 100% used [0x000000076ab00000,0x000000076eb00000,0x000000076eb00000)
  from space 10752K, 87% used [0x000000076eb00000,0x000000076f426cc8,0x000000076f580000)
  to   space 10752K, 0% used [0x0000000773580000,0x0000000773580000,0x0000000774000000)
 ParOldGen       total 175104K, used 80K [0x00000006c0000000, 0x00000006cab00000, 0x000000076ab00000)
  object space 175104K, 0% used [0x00000006c0000000,0x00000006c0014010,0x00000006cab00000)
 Metaspace       used 11007K, capacity 11142K, committed 11264K, reserved 1058816K
  class space    used 1233K, capacity 1265K, committed 1280K, reserved 1048576K
Event: 0.814 GC heap after
Heap after GC invocations=2 (full 0):
 PSYoungGen      total 141824K, used 7940K [0x000000076ab00000, 0x0000000774000000, 0x00000007c0000000)
  eden space 131072K, 0% used [0x000000076ab00000,0x000000076ab00000,0x0000000772b00000)
  from space 10752K, 73% used [0x0000000773580000,0x0000000773d41160,0x0000000774000000)
  to   space 10752K, 0% used [0x0000000772b00000,0x0000000772b00000,0x0000000773580000)
 ParOldGen       total 175104K, used 88K [0x00000006c0000000, 0x00000006cab00000, 0x000000076ab00000)
  object space 175104K, 0% used [0x00000006c0000000,0x00000006c0016010,0x00000006cab00000)
 Metaspace       used 11007K, capacity 11142K, committed 11264K, reserved 1058816K
  class space    used 1233K, capacity 1265K, committed 1280K, reserved 1048576K
}
Event: 1.513 GC heap before
{Heap before GC invocations=3 (full 0):
 PSYoungGen      total 141824K, used 139012K [0x000000076ab00000, 0x0000000774000000, 0x00000007c0000000)
  eden space 131072K, 100% used [0x000000076ab00000,0x0000000772b00000,0x0000000772b00000)
  from space 10752K, 73% used [0x0000000773580000,0x0000000773d41160,0x0000000774000000)
  to   space 10752K, 0% used [0x0000000772b00000,0x0000000772b00000,0x0000000773580000)
 ParOldGen       total 175104K, used 88K [0x00000006c0000000, 0x00000006cab00000, 0x000000076ab00000)
  object space 175104K, 0% used [0x00000006c0000000,0x00000006c0016010,0x00000006cab00000)
 Metaspace       used 14250K, capacity 14436K, committed 14848K, reserved 1062912K
  class space    used 1670K, capacity 1738K, committed 1792K, reserved 1048576K
Event: 1.529 GC heap after
Heap after GC invocations=3 (full 0):
 PSYoungGen      total 141824K, used 10730K [0x000000076ab00000, 0x000000077c000000, 0x00000007c0000000)
  eden space 131072K, 0% used [0x000000076ab00000,0x000000076ab00000,0x0000000772b00000)
  from space 10752K, 99% used [0x0000000772b00000,0x000000077357aa18,0x0000000773580000)
  to   space 10752K, 0% used [0x000000077b580000,0x000000077b580000,0x000000077c000000)
 ParOldGen       total 175104K, used 13340K [0x00000006c0000000, 0x00000006cab00000, 0x000000076ab00000)
  object space 175104K, 7% used [0x00000006c0000000,0x00000006c0d073f8,0x00000006cab00000)
 Metaspace       used 14250K, capacity 14436K, committed 14848K, reserved 1062912K
  class space    used 1670K, capacity 1738K, committed 1792K, reserved 1048576K
}

Deoptimization events (10 events):
Event: 1.692 Thread 0x00007f9748008800 Uncommon trap: reason=class_check action=maybe_recompile pc=0x0000000115fdb37c method=java.util.regex.Pattern$CharProperty.match(Ljava/util/regex/Matcher;ILjava/lang/CharSequence;)Z @ 37
Event: 1.696 Thread 0x00007f9748008800 Uncommon trap: reason=unstable_if action=reinterpret pc=0x0000000115c51180 method=sun.misc.MetaIndex.mayContain(Ljava/lang/String;)Z @ 38
Event: 1.696 Thread 0x00007f9748008800 Uncommon trap: reason=class_check action=maybe_recompile pc=0x0000000115cc9e10 method=java.io.FilterInputStream.read([BII)I @ 7
Event: 1.697 Thread 0x00007f9748008800 Uncommon trap: reason=class_check action=maybe_recompile pc=0x0000000115cc9e10 method=java.io.FilterInputStream.read([BII)I @ 7
Event: 1.699 Thread 0x00007f9748008800 Uncommon trap: reason=unstable_if action=reinterpret pc=0x0000000115bfb020 method=sun.misc.MetaIndex.mayContain(Ljava/lang/String;)Z @ 38
Event: 1.700 Thread 0x00007f9748008800 Uncommon trap: reason=class_check action=maybe_recompile pc=0x0000000115cc9e10 method=java.io.FilterInputStream.read([BII)I @ 7
Event: 1.700 Thread 0x00007f9748008800 Uncommon trap: reason=class_check action=maybe_recompile pc=0x0000000115cc9e10 method=java.io.FilterInputStream.read([BII)I @ 7
Event: 1.700 Thread 0x00007f9748008800 Uncommon trap: reason=class_check action=maybe_recompile pc=0x000000011614efe0 method=java.util.HashMap.putMapEntries(Ljava/util/Map;Z)V @ 1
Event: 1.704 Thread 0x00007f9748008800 Uncommon trap: reason=class_check action=maybe_recompile pc=0x0000000115e065c0 method=java.util.HashMap.putVal(ILjava/lang/Object;Ljava/lang/Object;ZZ)Ljava/lang/Object; @ 91
Event: 1.704 Thread 0x00007f9748008800 Uncommon trap: reason=class_check action=maybe_recompile pc=0x0000000115e065c0 method=java.util.HashMap.putVal(ILjava/lang/Object;Ljava/lang/Object;ZZ)Ljava/lang/Object; @ 91

Classes redefined (0 events):
No events

Internal exceptions (10 events):
Event: 0.330 Thread 0x00007f9748008800 Exception <a 'java/security/PrivilegedActionException'> (0x000000076bf88e10) thrown at [/Users/java_re/workspace/8-2-build-macosx-x86_64/jdk8u181/11358/hotspot/src/share/vm/prims/jvm.cpp, line 1435]
Event: 0.330 Thread 0x00007f9748008800 Exception <a 'java/security/PrivilegedActionException'> (0x000000076bf89208) thrown at [/Users/java_re/workspace/8-2-build-macosx-x86_64/jdk8u181/11358/hotspot/src/share/vm/prims/jvm.cpp, line 1435]
Event: 0.330 Thread 0x00007f9748008800 Exception <a 'java/security/PrivilegedActionException'> (0x000000076bf8fc18) thrown at [/Users/java_re/workspace/8-2-build-macosx-x86_64/jdk8u181/11358/hotspot/src/share/vm/prims/jvm.cpp, line 1435]
Event: 0.330 Thread 0x00007f9748008800 Exception <a 'java/security/PrivilegedActionException'> (0x000000076bf90010) thrown at [/Users/java_re/workspace/8-2-build-macosx-x86_64/jdk8u181/11358/hotspot/src/share/vm/prims/jvm.cpp, line 1435]
Event: 0.820 Thread 0x00007f9748008800 Implicit null exception at 0x0000000115e58e10 to 0x0000000115e58f19
Event: 1.192 Thread 0x00007f9748008800 Exception <a 'java/lang/NoSuchFieldError': method resolution failed> (0x000000076d8fc198) thrown at [/Users/java_re/workspace/8-2-build-macosx-x86_64/jdk8u181/11358/hotspot/src/share/vm/prims/methodHandles.cpp, line 1167]
Event: 1.193 Thread 0x00007f9748008800 Exception <a 'java/lang/NoSuchFieldError': method resolution failed> (0x000000076d909d28) thrown at [/Users/java_re/workspace/8-2-build-macosx-x86_64/jdk8u181/11358/hotspot/src/share/vm/prims/methodHandles.cpp, line 1167]
Event: 1.214 Thread 0x00007f974c008000 Implicit null exception at 0x0000000115fbf34f to 0x0000000115fbf42d
Event: 1.632 Thread 0x00007f9748008800 Implicit null exception at 0x00000001160684aa to 0x00000001160687b9
Event: 1.658 Thread 0x00007f9748008800 Implicit null exception at 0x0000000116166770 to 0x0000000116167e3d

Events (10 events):
Event: 1.739 loading class sun/security/provider/SecureRandom
Event: 1.739 loading class sun/security/provider/SecureRandom done
Event: 1.739 loading class java/io/DeleteOnExitHook
Event: 1.739 loading class java/io/DeleteOnExitHook done
Event: 1.739 loading class java/io/DeleteOnExitHook$1
Event: 1.739 loading class java/io/DeleteOnExitHook$1 done
Event: 1.739 loading class java/lang/Shutdown
Event: 1.739 loading class java/lang/Shutdown done
Event: 1.739 loading class java/lang/Shutdown$Lock
Event: 1.739 loading class java/lang/Shutdown$Lock done


Dynamic libraries:
0x00007fff3a89e000 	/System/Library/Frameworks/Cocoa.framework/Versions/A/Cocoa
0x00007fff46b5d000 	/System/Library/Frameworks/Security.framework/Versions/A/Security
0x00007fff394a5000 	/System/Library/Frameworks/ApplicationServices.framework/Versions/A/ApplicationServices
0x00007fff68148000 	/usr/lib/libz.1.dylib
0x00007fff657bd000 	/usr/lib/libSystem.B.dylib
0x00007fff67265000 	/usr/lib/libobjc.A.dylib
0x00007fff3b0c1000 	/System/Library/Frameworks/CoreFoundation.framework/Versions/A/CoreFoundation
0x00007fff3d446000 	/System/Library/Frameworks/Foundation.framework/Versions/C/Foundation
0x00007fff38632000 	/System/Library/Frameworks/AppKit.framework/Versions/C/AppKit
0x00007fff3ac35000 	/System/Library/Frameworks/CoreData.framework/Versions/A/CoreData
0x00007fff5e98b000 	/System/Library/PrivateFrameworks/RemoteViewServices.framework/Versions/A/RemoteViewServices
0x00007fff6348b000 	/System/Library/PrivateFrameworks/UIFoundation.framework/Versions/A/UIFoundation
0x00007fff64c43000 	/System/Library/PrivateFrameworks/XCTTargetBootstrap.framework/Versions/A/XCTTargetBootstrap
0x00007fff59492000 	/System/Library/PrivateFrameworks/IconServices.framework/Versions/A/IconServices
0x00007fff3fd10000 	/System/Library/Frameworks/Metal.framework/Versions/A/Metal
0x00007fff50694000 	/System/Library/PrivateFrameworks/DesktopServicesPriv.framework/Versions/A/DesktopServicesPriv
0x00007fff66578000 	/usr/lib/libenergytrace.dylib
0x00007fff611fc000 	/System/Library/PrivateFrameworks/SkyLight.framework/Versions/A/SkyLight
0x00007fff3b510000 	/System/Library/Frameworks/CoreGraphics.framework/Versions/A/CoreGraphics
0x00007fff373ed000 	/System/Library/Frameworks/Accelerate.framework/Versions/A/Accelerate
0x00007fff3dbd0000 	/System/Library/Frameworks/IOSurface.framework/Versions/A/IOSurface
0x00007fff504f6000 	/System/Library/PrivateFrameworks/DFRFoundation.framework/Versions/A/DFRFoundation
0x00007fff399aa000 	/System/Library/Frameworks/AudioToolbox.framework/Versions/A/AudioToolbox
0x00007fff39c49000 	/System/Library/Frameworks/AudioUnit.framework/Versions/A/AudioUnit
0x00007fff5058d000 	/System/Library/PrivateFrameworks/DataDetectorsCore.framework/Versions/A/DataDetectorsCore
0x00007fff3a388000 	/System/Library/Frameworks/Carbon.framework/Versions/A/Frameworks/HIToolbox.framework/Versions/A/HIToolbox
0x00007fff666d3000 	/usr/lib/libicucore.A.dylib
0x00007fff460b0000 	/System/Library/Frameworks/QuartzCore.framework/Versions/A/QuartzCore
0x00007fff3a76f000 	/System/Library/Frameworks/Carbon.framework/Versions/A/Frameworks/SpeechRecognition.framework/Versions/A/SpeechRecognition
0x00007fff65920000 	/usr/lib/libauto.dylib
0x00007fff6803b000 	/usr/lib/libxml2.2.dylib
0x00007fff500f5000 	/System/Library/PrivateFrameworks/CoreUI.framework/Versions/A/CoreUI
0x00007fff3ab13000 	/System/Library/Frameworks/CoreAudio.framework/Versions/A/CoreAudio
0x00007fff3d278000 	/System/Library/Frameworks/DiskArbitration.framework/Versions/A/DiskArbitration
0x00007fff66983000 	/usr/lib/liblangid.dylib
0x00007fff5a942000 	/System/Library/PrivateFrameworks/MultitouchSupport.framework/Versions/A/MultitouchSupport
0x00007fff3db3b000 	/System/Library/Frameworks/IOKit.framework/Versions/A/IOKit
0x00007fff6540b000 	/usr/lib/libDiagnosticMessagesClient.dylib
0x00007fff3c37e000 	/System/Library/Frameworks/CoreServices.framework/Versions/A/CoreServices
0x00007fff5c678000 	/System/Library/PrivateFrameworks/PerformanceAnalysis.framework/Versions/A/PerformanceAnalysis
0x00007fff45245000 	/System/Library/Frameworks/OpenGL.framework/Versions/A/OpenGL
0x00007fff3a8ac000 	/System/Library/Frameworks/ColorSync.framework/Versions/A/ColorSync
0x00007fff3bb9f000 	/System/Library/Frameworks/CoreImage.framework/Versions/A/CoreImage
0x00007fff3cdc1000 	/System/Library/Frameworks/CoreText.framework/Versions/A/CoreText
0x00007fff3dc31000 	/System/Library/Frameworks/ImageIO.framework/Versions/A/ImageIO
0x00007fff4c730000 	/System/Library/PrivateFrameworks/Backup.framework/Versions/A/Backup
0x00007fff65873000 	/usr/lib/libarchive.2.dylib
0x00007fff39fad000 	/System/Library/Frameworks/CFNetwork.framework/Versions/A/CFNetwork
0x00007fff47308000 	/System/Library/Frameworks/SystemConfiguration.framework/Versions/A/SystemConfiguration
0x00007fff65334000 	/usr/lib/libCRFSuite.dylib
0x00007fff65a17000 	/usr/lib/libc++.1.dylib
0x00007fff65a6f000 	/usr/lib/libc++abi.dylib
0x00007fff681cb000 	/usr/lib/system/libcache.dylib
0x00007fff681d0000 	/usr/lib/system/libcommonCrypto.dylib
0x00007fff681db000 	/usr/lib/system/libcompiler_rt.dylib
0x00007fff681e3000 	/usr/lib/system/libcopyfile.dylib
0x00007fff681ed000 	/usr/lib/system/libcorecrypto.dylib
0x00007fff682f8000 	/usr/lib/system/libdispatch.dylib
0x00007fff68333000 	/usr/lib/system/libdyld.dylib
0x00007fff68363000 	/usr/lib/system/libkeymgr.dylib
0x00007fff68371000 	/usr/lib/system/liblaunch.dylib
0x00007fff68372000 	/usr/lib/system/libmacho.dylib
0x00007fff68378000 	/usr/lib/system/libquarantine.dylib
0x00007fff6837b000 	/usr/lib/system/libremovefile.dylib
0x00007fff6837d000 	/usr/lib/system/libsystem_asl.dylib
0x00007fff68395000 	/usr/lib/system/libsystem_blocks.dylib
0x00007fff68396000 	/usr/lib/system/libsystem_c.dylib
0x00007fff6841f000 	/usr/lib/system/libsystem_configuration.dylib
0x00007fff68423000 	/usr/lib/system/libsystem_coreservices.dylib
0x00007fff68427000 	/usr/lib/system/libsystem_darwin.dylib
0x00007fff6842e000 	/usr/lib/system/libsystem_dnssd.dylib
0x00007fff68435000 	/usr/lib/system/libsystem_info.dylib
0x00007fff684ab000 	/usr/lib/system/libsystem_m.dylib
0x00007fff684f7000 	/usr/lib/system/libsystem_malloc.dylib
0x00007fff6851c000 	/usr/lib/system/libsystem_networkextension.dylib
0x00007fff68528000 	/usr/lib/system/libsystem_notify.dylib
0x00007fff68545000 	/usr/lib/system/libsystem_sandbox.dylib
0x00007fff68549000 	/usr/lib/system/libsystem_secinit.dylib
0x00007fff68482000 	/usr/lib/system/libsystem_kernel.dylib
0x00007fff68530000 	/usr/lib/system/libsystem_platform.dylib
0x00007fff6853a000 	/usr/lib/system/libsystem_pthread.dylib
0x00007fff6854c000 	/usr/lib/system/libsystem_symptoms.dylib
0x00007fff68554000 	/usr/lib/system/libsystem_trace.dylib
0x00007fff6856b000 	/usr/lib/system/libunwind.dylib
0x00007fff68571000 	/usr/lib/system/libxpc.dylib
0x00007fff659f7000 	/usr/lib/libbsm.0.dylib
0x00007fff68364000 	/usr/lib/system/libkxld.dylib
0x00007fff4b9dd000 	/System/Library/PrivateFrameworks/AppleFSCompression.framework/Versions/A/AppleFSCompression
0x00007fff6567c000 	/usr/lib/libOpenScriptingUtil.dylib
0x00007fff65d5a000 	/usr/lib/libcoretls.dylib
0x00007fff65d71000 	/usr/lib/libcoretls_cfhelpers.dylib
0x00007fff679fe000 	/usr/lib/libpam.2.dylib
0x00007fff67bc1000 	/usr/lib/libsqlite3.dylib
0x00007fff68029000 	/usr/lib/libxar.1.dylib
0x00007fff65a08000 	/usr/lib/libbz2.1.0.dylib
0x00007fff66985000 	/usr/lib/liblzma.5.dylib
0x00007fff66e7b000 	/usr/lib/libnetwork.dylib
0x00007fff6585c000 	/usr/lib/libapple_nghttp2.dylib
0x00007fff67a05000 	/usr/lib/libpcap.A.dylib
0x00007fff3c722000 	/System/Library/Frameworks/CoreServices.framework/Versions/A/Frameworks/FSEvents.framework/Versions/A/FSEvents
0x00007fff3c3fe000 	/System/Library/Frameworks/CoreServices.framework/Versions/A/Frameworks/CarbonCore.framework/Versions/A/CarbonCore
0x00007fff3c8f7000 	/System/Library/Frameworks/CoreServices.framework/Versions/A/Frameworks/Metadata.framework/Versions/A/Metadata
0x00007fff3c99a000 	/System/Library/Frameworks/CoreServices.framework/Versions/A/Frameworks/OSServices.framework/Versions/A/OSServices
0x00007fff3c9e6000 	/System/Library/Frameworks/CoreServices.framework/Versions/A/Frameworks/SearchKit.framework/Versions/A/SearchKit
0x00007fff3c37f000 	/System/Library/Frameworks/CoreServices.framework/Versions/A/Frameworks/AE.framework/Versions/A/AE
0x00007fff3c72b000 	/System/Library/Frameworks/CoreServices.framework/Versions/A/Frameworks/LaunchServices.framework/Versions/A/LaunchServices
0x00007fff3c6d7000 	/System/Library/Frameworks/CoreServices.framework/Versions/A/Frameworks/DictionaryServices.framework/Versions/A/DictionaryServices
0x00007fff3ca55000 	/System/Library/Frameworks/CoreServices.framework/Versions/A/Frameworks/SharedFileList.framework/Versions/A/SharedFileList
0x00007fff411d6000 	/System/Library/Frameworks/NetFS.framework/Versions/A/NetFS
0x00007fff5abdf000 	/System/Library/PrivateFrameworks/NetAuth.framework/Versions/A/NetAuth
0x00007fff65077000 	/System/Library/PrivateFrameworks/login.framework/Versions/A/Frameworks/loginsupport.framework/Versions/A/loginsupport
0x00007fff63083000 	/System/Library/PrivateFrameworks/TCC.framework/Versions/A/TCC
0x00007fff4f6fd000 	/System/Library/PrivateFrameworks/CoreNLP.framework/Versions/A/CoreNLP
0x00007fff5a633000 	/System/Library/PrivateFrameworks/MetadataUtilities.framework/Versions/A/MetadataUtilities
0x00007fff66a66000 	/usr/lib/libmecabra.dylib
0x00007fff394a6000 	/System/Library/Frameworks/ApplicationServices.framework/Versions/A/Frameworks/ATS.framework/Versions/A/ATS
0x00007fff39811000 	/System/Library/Frameworks/ApplicationServices.framework/Versions/A/Frameworks/ColorSyncLegacy.framework/Versions/A/ColorSyncLegacy
0x00007fff398b2000 	/System/Library/Frameworks/ApplicationServices.framework/Versions/A/Frameworks/HIServices.framework/Versions/A/HIServices
0x00007fff39905000 	/System/Library/Frameworks/ApplicationServices.framework/Versions/A/Frameworks/LangAnalysis.framework/Versions/A/LangAnalysis
0x00007fff39914000 	/System/Library/Frameworks/ApplicationServices.framework/Versions/A/Frameworks/PrintCore.framework/Versions/A/PrintCore
0x00007fff39961000 	/System/Library/Frameworks/ApplicationServices.framework/Versions/A/Frameworks/QD.framework/Versions/A/QD
0x00007fff3999d000 	/System/Library/Frameworks/ApplicationServices.framework/Versions/A/Frameworks/SpeechSynthesis.framework/Versions/A/SpeechSynthesis
0x00007fff65a97000 	/usr/lib/libcompression.dylib
0x00007fff3afd7000 	/System/Library/Frameworks/CoreDisplay.framework/Versions/A/CoreDisplay
0x00007fff3ffd8000 	/System/Library/Frameworks/MetalPerformanceShaders.framework/Versions/A/MetalPerformanceShaders
0x00007fff37405000 	/System/Library/Frameworks/Accelerate.framework/Versions/A/Frameworks/vImage.framework/Versions/A/vImage
0x00007fff38481000 	/System/Library/Frameworks/Accelerate.framework/Versions/A/Frameworks/vecLib.framework/Versions/A/vecLib
0x00007fff383cb000 	/System/Library/Frameworks/Accelerate.framework/Versions/A/Frameworks/vecLib.framework/Versions/A/libvMisc.dylib
0x00007fff381e6000 	/System/Library/Frameworks/Accelerate.framework/Versions/A/Frameworks/vecLib.framework/Versions/A/libvDSP.dylib
0x00007fff37aa6000 	/System/Library/Frameworks/Accelerate.framework/Versions/A/Frameworks/vecLib.framework/Versions/A/libBLAS.dylib
0x00007fff37d91000 	/System/Library/Frameworks/Accelerate.framework/Versions/A/Frameworks/vecLib.framework/Versions/A/libLAPACK.dylib
0x00007fff38138000 	/System/Library/Frameworks/Accelerate.framework/Versions/A/Frameworks/vecLib.framework/Versions/A/libLinearAlgebra.dylib
0x00007fff381d2000 	/System/Library/Frameworks/Accelerate.framework/Versions/A/Frameworks/vecLib.framework/Versions/A/libSparseBLAS.dylib
0x00007fff3814e000 	/System/Library/Frameworks/Accelerate.framework/Versions/A/Frameworks/vecLib.framework/Versions/A/libQuadrature.dylib
0x00007fff37d1e000 	/System/Library/Frameworks/Accelerate.framework/Versions/A/Frameworks/vecLib.framework/Versions/A/libBNNS.dylib
0x00007fff38154000 	/System/Library/Frameworks/Accelerate.framework/Versions/A/Frameworks/vecLib.framework/Versions/A/libSparse.dylib
0x00007fff56c24000 	/System/Library/PrivateFrameworks/GPUWrangler.framework/Versions/A/GPUWrangler
0x00007fff59059000 	/System/Library/PrivateFrameworks/IOAccelerator.framework/Versions/A/IOAccelerator
0x00007fff59064000 	/System/Library/PrivateFrameworks/IOPresentment.framework/Versions/A/IOPresentment
0x00007fff50506000 	/System/Library/PrivateFrameworks/DSExternalDisplay.framework/Versions/A/DSExternalDisplay
0x00007fff4468a000 	/System/Library/Frameworks/OpenGL.framework/Versions/A/Libraries/libCoreFSCache.dylib
0x00007fff3fdc0000 	/System/Library/Frameworks/MetalPerformanceShaders.framework/Frameworks/MPSCore.framework/Versions/A/MPSCore
0x00007fff3fde1000 	/System/Library/Frameworks/MetalPerformanceShaders.framework/Frameworks/MPSImage.framework/Versions/A/MPSImage
0x00007fff3fe89000 	/System/Library/Frameworks/MetalPerformanceShaders.framework/Frameworks/MPSNeuralNetwork.framework/Versions/A/MPSNeuralNetwork
0x00007fff3fe60000 	/System/Library/Frameworks/MetalPerformanceShaders.framework/Frameworks/MPSMatrix.framework/Versions/A/MPSMatrix
0x00007fff3ffbc000 	/System/Library/Frameworks/MetalPerformanceShaders.framework/Frameworks/MPSRayIntersector.framework/Versions/A/MPSRayIntersector
0x00007fff5a65c000 	/System/Library/PrivateFrameworks/MetalTools.framework/Versions/A/MetalTools
0x00007fff4b0d7000 	/System/Library/PrivateFrameworks/AggregateDictionary.framework/Versions/A/AggregateDictionary
0x00007fff6565c000 	/usr/lib/libMobileGestalt.dylib
0x00007fff3cf27000 	/System/Library/Frameworks/CoreVideo.framework/Versions/A/CoreVideo
0x00007fff57a94000 	/System/Library/PrivateFrameworks/GraphVisualizer.framework/Versions/A/GraphVisualizer
0x00007fff5182f000 	/System/Library/PrivateFrameworks/FaceCore.framework/Versions/A/FaceCore
0x00007fff43ca2000 	/System/Library/Frameworks/OpenCL.framework/Versions/A/OpenCL
0x00007fff65443000 	/usr/lib/libFosl_dynamic.dylib
0x00007fff5b4b7000 	/System/Library/PrivateFrameworks/OTSVG.framework/Versions/A/OTSVG
0x00007fff395aa000 	/System/Library/Frameworks/ApplicationServices.framework/Versions/A/Frameworks/ATS.framework/Versions/A/Resources/libFontParser.dylib
0x00007fff396ca000 	/System/Library/Frameworks/ApplicationServices.framework/Versions/A/Frameworks/ATS.framework/Versions/A/Resources/libFontRegistry.dylib
0x00007fff3debb000 	/System/Library/Frameworks/ImageIO.framework/Versions/A/Resources/libJPEG.dylib
0x00007fff3e1dd000 	/System/Library/Frameworks/ImageIO.framework/Versions/A/Resources/libTIFF.dylib
0x00007fff3e1b3000 	/System/Library/Frameworks/ImageIO.framework/Versions/A/Resources/libPng.dylib
0x00007fff3ddd0000 	/System/Library/Frameworks/ImageIO.framework/Versions/A/Resources/libGIF.dylib
0x00007fff3ddd5000 	/System/Library/Frameworks/ImageIO.framework/Versions/A/Resources/libJP2.dylib
0x00007fff3e1da000 	/System/Library/Frameworks/ImageIO.framework/Versions/A/Resources/libRadiance.dylib
0x00007fff4bb36000 	/System/Library/PrivateFrameworks/AppleJPEG.framework/Versions/A/AppleJPEG
0x00007fff44695000 	/System/Library/Frameworks/OpenGL.framework/Versions/A/Libraries/libGFXShared.dylib
0x00007fff44858000 	/System/Library/Frameworks/OpenGL.framework/Versions/A/Libraries/libGLU.dylib
0x00007fff4469e000 	/System/Library/Frameworks/OpenGL.framework/Versions/A/Libraries/libGL.dylib
0x00007fff446aa000 	/System/Library/Frameworks/OpenGL.framework/Versions/A/Libraries/libGLImage.dylib
0x00007fff44687000 	/System/Library/Frameworks/OpenGL.framework/Versions/A/Libraries/libCVMSPluginSupport.dylib
0x00007fff44690000 	/System/Library/Frameworks/OpenGL.framework/Versions/A/Libraries/libCoreVMClient.dylib
0x00007fff663e9000 	/usr/lib/libcups.2.dylib
0x00007fff3f2d5000 	/System/Library/Frameworks/Kerberos.framework/Versions/A/Kerberos
0x00007fff3d885000 	/System/Library/Frameworks/GSS.framework/Versions/A/GSS
0x00007fff67b55000 	/usr/lib/libresolv.9.dylib
0x00007fff665e1000 	/usr/lib/libiconv.2.dylib
0x00007fff57bf4000 	/System/Library/PrivateFrameworks/Heimdal.framework/Versions/A/Heimdal
0x00007fff665b0000 	/usr/lib/libheimdal-asn1.dylib
0x00007fff43d18000 	/System/Library/Frameworks/OpenDirectory.framework/Versions/A/OpenDirectory
0x00007fff4e3f9000 	/System/Library/PrivateFrameworks/CommonAuth.framework/Versions/A/CommonAuth
0x00007fff43cfb000 	/System/Library/Frameworks/OpenDirectory.framework/Versions/A/Frameworks/CFOpenDirectory.framework/Versions/A/CFOpenDirectory
0x00007fff46e86000 	/System/Library/Frameworks/SecurityFoundation.framework/Versions/A/SecurityFoundation
0x00007fff4a5e6000 	/System/Library/PrivateFrameworks/APFS.framework/Versions/A/APFS
0x00007fff68025000 	/usr/lib/libutil.dylib
0x00007fff65a85000 	/usr/lib/libcharset.1.dylib
0x00007fff4bdd2000 	/System/Library/PrivateFrameworks/AppleSauce.framework/Versions/A/AppleSauce
0x00007fff4bf60000 	/System/Library/PrivateFrameworks/AssertionServices.framework/Versions/A/AssertionServices
0x00007fff4c7d3000 	/System/Library/PrivateFrameworks/BaseBoard.framework/Versions/A/BaseBoard
0x00007fff669b5000 	/usr/lib/libmecab.1.0.0.dylib
0x00007fff665aa000 	/usr/lib/libgermantok.dylib
0x00007fff65848000 	/usr/lib/libThaiTokenizer.dylib
0x00007fff6536f000 	/usr/lib/libChineseTokenizer.dylib
0x00007fff59790000 	/System/Library/PrivateFrameworks/LanguageModeling.framework/Versions/A/LanguageModeling
0x00007fff4f113000 	/System/Library/PrivateFrameworks/CoreEmoji.framework/Versions/A/CoreEmoji
0x00007fff59888000 	/System/Library/PrivateFrameworks/Lexicon.framework/Versions/A/Lexicon
0x00007fff598d0000 	/System/Library/PrivateFrameworks/LinguisticData.framework/Versions/A/LinguisticData
0x00007fff65a86000 	/usr/lib/libcmph.dylib
0x00007fff46f47000 	/System/Library/Frameworks/ServiceManagement.framework/Versions/A/ServiceManagement
0x00007fff4c726000 	/System/Library/PrivateFrameworks/BackgroundTaskManagement.framework/Versions/A/BackgroundTaskManagement
0x00007fff6811f000 	/usr/lib/libxslt.1.dylib
0x00007fff3a69a000 	/System/Library/Frameworks/Carbon.framework/Versions/A/Frameworks/Ink.framework/Versions/A/Ink
0x00007fff63303000 	/System/Library/PrivateFrameworks/TextureIO.framework/Versions/A/TextureIO
0x00007fff6589d000 	/usr/lib/libate.dylib
0x00007fff50462000 	/System/Library/PrivateFrameworks/CrashReporterSupport.framework/Versions/A/CrashReporterSupport
0x00007fff60324000 	/System/Library/PrivateFrameworks/Sharing.framework/Versions/A/Sharing
0x00007fff4c2b2000 	/System/Library/PrivateFrameworks/AuthKit.framework/Versions/A/AuthKit
0x00007fff4b6d5000 	/System/Library/PrivateFrameworks/Apple80211.framework/Versions/A/Apple80211
0x00007fff50222000 	/System/Library/PrivateFrameworks/CoreUtils.framework/Versions/A/CoreUtils
0x00007fff3cf65000 	/System/Library/Frameworks/CoreWLAN.framework/Versions/A/CoreWLAN
0x00007fff3d9cf000 	/System/Library/Frameworks/IOBluetooth.framework/Versions/A/IOBluetooth
0x00007fff5e646000 	/System/Library/PrivateFrameworks/ProtocolBuffer.framework/Versions/A/ProtocolBuffer
0x00007fff5a899000 	/System/Library/PrivateFrameworks/MobileKeyBag.framework/Versions/A/MobileKeyBag
0x00007fff4fa3a000 	/System/Library/PrivateFrameworks/CorePhoneNumbers.framework/Versions/A/CorePhoneNumbers
0x00007fff4baea000 	/System/Library/PrivateFrameworks/AppleIDAuthSupport.framework/Versions/A/AppleIDAuthSupport
0x00007fff59761000 	/System/Library/PrivateFrameworks/KeychainCircle.framework/Versions/A/KeychainCircle
0x00007fff5e813000 	/System/Library/PrivateFrameworks/ROCKit.framework/Versions/A/ROCKit
0x00007fff503fe000 	/System/Library/PrivateFrameworks/CoreWiFi.framework/Versions/A/CoreWiFi
0x00007fff3ac09000 	/System/Library/Frameworks/CoreBluetooth.framework/Versions/A/CoreBluetooth
0x00007fff50652000 	/System/Library/PrivateFrameworks/DebugSymbols.framework/Versions/A/DebugSymbols
0x00007fff4ffd7000 	/System/Library/PrivateFrameworks/CoreSymbolication.framework/Versions/A/CoreSymbolication
0x00007fff62aed000 	/System/Library/PrivateFrameworks/Symbolication.framework/Versions/A/Symbolication
0x00007fff61c7f000 	/System/Library/PrivateFrameworks/SpeechRecognitionCore.framework/Versions/A/SpeechRecognitionCore
0x00007fff30f1b000 	/System/Library/CoreServices/Encodings/libSimplifiedChineseConverter.dylib
0x0000000111400000 	/Library/Java/JavaVirtualMachines/jdk1.8.0_181.jdk/Contents/Home/jre/lib/server/libjvm.dylib
0x00007fff67ee9000 	/usr/lib/libstdc++.6.dylib
0x000000010fb45000 	/Library/Java/JavaVirtualMachines/jdk1.8.0_181.jdk/Contents/Home/jre/lib/libverify.dylib
0x000000010fb53000 	/Library/Java/JavaVirtualMachines/jdk1.8.0_181.jdk/Contents/Home/jre/lib/libjava.dylib
0x000000010fb8a000 	/Library/Java/JavaVirtualMachines/jdk1.8.0_181.jdk/Contents/Home/jre/lib/libinstrument.dylib
0x000000010fbe8000 	/Library/Java/JavaVirtualMachines/jdk1.8.0_181.jdk/Contents/Home/jre/lib/libzip.dylib
0x000000012de6b000 	/Library/Java/JavaVirtualMachines/jdk1.8.0_181.jdk/Contents/Home/jre/lib/libnet.dylib
0x000000012deca000 	/Library/Java/JavaVirtualMachines/jdk1.8.0_181.jdk/Contents/Home/jre/lib/libnio.dylib

VM Arguments:
jvm_args: -javaagent:/Applications/IntelliJ IDEA.app/Contents/lib/idea_rt.jar=57283:/Applications/IntelliJ IDEA.app/Contents/bin -Dfile.encoding=UTF-8 
java_command: org.yabo.utils.poi.CloudKnowledgeExcelParser
java_class_path (initial): /Library/Java/JavaVirtualMachines/jdk1.8.0_181.jdk/Contents/Home/jre/lib/charsets.jar:/Library/Java/JavaVirtualMachines/jdk1.8.0_181.jdk/Contents/Home/jre/lib/deploy.jar:/Library/Java/JavaVirtualMachines/jdk1.8.0_181.jdk/Contents/Home/jre/lib/ext/cldrdata.jar:/Library/Java/JavaVirtualMachines/jdk1.8.0_181.jdk/Contents/Home/jre/lib/ext/dnsns.jar:/Library/Java/JavaVirtualMachines/jdk1.8.0_181.jdk/Contents/Home/jre/lib/ext/jaccess.jar:/Library/Java/JavaVirtualMachines/jdk1.8.0_181.jdk/Contents/Home/jre/lib/ext/jfxrt.jar:/Library/Java/JavaVirtualMachines/jdk1.8.0_181.jdk/Contents/Home/jre/lib/ext/localedata.jar:/Library/Java/JavaVirtualMachines/jdk1.8.0_181.jdk/Contents/Home/jre/lib/ext/nashorn.jar:/Library/Java/JavaVirtualMachines/jdk1.8.0_181.jdk/Contents/Home/jre/lib/ext/sunec.jar:/Library/Java/JavaVirtualMachines/jdk1.8.0_181.jdk/Contents/Home/jre/lib/ext/sunjce_provider.jar:/Library/Java/JavaVirtualMachines/jdk1.8.0_181.jdk/Contents/Home/jre/lib/ext/sunpkcs11.jar:/Library/Java/JavaVirtualMachines/jdk1.8.0_181.jdk/Contents/Home/jre/lib/ext/zipfs.jar:/Library/Java/JavaVirtualMachines/jdk1.8.0_181.jdk/Contents/Home/jre/lib/javaws.jar:/Library/Java/JavaVirtualMachines/jdk1.8.0_181.jdk/Contents/Home/jre/lib/jce.jar:/Library/Java/JavaVirtualMachines/jdk1.8.0_181.jdk/Contents/Home/jre/lib/jfr.jar:/Library/Java/JavaVirtualMachines/jdk1.8.0_181.jdk/Contents/Home/jre/lib/jfxswt.jar:/Library/Java/JavaVirtualMachines/jdk1.8.0_181.jdk/Contents/Home/jre/lib/jsse.jar:/Library/Java/JavaVirtualMachines/jdk1.8.0_181.jdk/Contents/Home/jre/lib/management-agent.jar:/Library/Java/JavaVirtualMachines/jdk1.8.0_181.jdk/Contents/Home/jre/lib/plugin.jar:/Library/Java/JavaVirtualMachines/jdk1.8.0_181.jdk/Contents/Home/jre/lib/resources.jar:/Library/Java/JavaVirtualMachines/jdk1.8.0_181.jdk/Contents/Home/jre/lib/rt.jar:/Library/Java/JavaVirtualMachines/jdk1.8.0_181.jdk/Contents/Home/lib/ant-javafx.jar:/Library/Java/JavaVirtualMachines/jdk1.8.0_181.jdk/Contents/Home
Launcher Type: SUN_STANDARD

Environment Variables:
JAVA_HOME=/Library/Java/JavaVirtualMachines/jdk1.8.0_181.jdk/Contents/Home
PATH=/usr/local/bin:/usr/bin:/bin:/usr/sbin:/sbin:/Applications/VMware Fusion.app/Contents/Public:/usr/local/aria2/bin:/Users/yabo.ren/yabo/apache-maven-3.5.4/bin:/Users/yabo.ren/yabo/apache-ant-1.10.5/bin:/usr/local/mysql-8.0.12-macos10.13-x86_64/bin
SHELL=/bin/bash

Signal Handlers:
SIGSEGV: [libjvm.dylib+0x5b6029], sa_mask[0]=11111111011111110111111111111111, sa_flags=SA_ONSTACK|SA_RESTART|SA_SIGINFO
SIGBUS: [libjvm.dylib+0x5b6029], sa_mask[0]=11111111011111110111111111111111, sa_flags=SA_RESTART|SA_SIGINFO
SIGFPE: [libjvm.dylib+0x48b934], sa_mask[0]=11111111011111110111111111111111, sa_flags=SA_RESTART|SA_SIGINFO
SIGPIPE: [libjvm.dylib+0x48b934], sa_mask[0]=11111111011111110111111111111111, sa_flags=SA_RESTART|SA_SIGINFO
SIGXFSZ: [libjvm.dylib+0x48b934], sa_mask[0]=11111111011111110111111111111111, sa_flags=SA_RESTART|SA_SIGINFO
SIGILL: [libjvm.dylib+0x48b934], sa_mask[0]=11111111011111110111111111111111, sa_flags=SA_RESTART|SA_SIGINFO
SIGUSR1: SIG_DFL, sa_mask[0]=00000000000000000000000000000000, sa_flags=none
SIGUSR2: [libjvm.dylib+0x48b452], sa_mask[0]=00100000000000000000000000000000, sa_flags=SA_RESTART|SA_SIGINFO
SIGHUP: [libjvm.dylib+0x489a1d], sa_mask[0]=11111111011111110111111111111111, sa_flags=SA_RESTART|SA_SIGINFO
SIGINT: [libjvm.dylib+0x489a1d], sa_mask[0]=11111111011111110111111111111111, sa_flags=SA_RESTART|SA_SIGINFO
SIGTERM: [libjvm.dylib+0x489a1d], sa_mask[0]=11111111011111110111111111111111, sa_flags=SA_RESTART|SA_SIGINFO
SIGQUIT: [libjvm.dylib+0x489a1d], sa_mask[0]=11111111011111110111111111111111, sa_flags=SA_RESTART|SA_SIGINFO


---------------  S Y S T E M  ---------------

OS:Bsduname:Darwin 18.2.0 Darwin Kernel Version 18.2.0: Thu Dec 20 20:46:53 PST 2018; root:xnu-4903.241.1~1/RELEASE_X86_64 x86_64
rlimit: STACK 8192k, CORE 0k, NPROC 1418, NOFILE 10240, AS infinity
load average:2.51 2.21 2.12

CPU:total 12 (initial active 12) (6 cores per cpu, 2 threads per core) family 6 model 158 stepping 10, cmov, cx8, fxsr, mmx, sse, sse2, sse3, ssse3, sse4.1, sse4.2, popcnt, avx, avx2, aes, clmul, erms, 3dnowpref, lzcnt, ht, tsc, tscinvbit, bmi1, bmi2, adx

Memory: 4k page, physical 16777216k(213940k free)

/proc/meminfo:


vm_info: Java HotSpot(TM) 64-Bit Server VM (25.181-b13) for bsd-amd64 JRE (1.8.0_181-b13), built on Jul  7 2018 01:02:31 by "java_re" with gcc 4.2.1 (Based on Apple Inc. build 5658) (LLVM build 2336.11.00)

time: Tue Mar  5 15:12:25 2019
elapsed time: 1 seconds (0d 0h 0m 1s)

